<?xml version="1.0" encoding="UTF-8"?>
<testng-results skipped="0" failed="0" total="1" passed="1">
  <reporter-output>
  </reporter-output>
  <suite name="BasicTesting.Test_1" duration-ms="17" started-at="2021-05-26T18:57:49Z" finished-at="2021-05-26T18:57:49Z">
    <groups>
    </groups>
    <test name="Command line test" duration-ms="17" started-at="2021-05-26T18:57:49Z" finished-at="2021-05-26T18:57:49Z">
      <class name="BasicTesting.Test_1">
        <test-method status="PASS" signature="preSetup()[pri:0, instance:BasicTesting.Test_1@2ed94a8b]" name="preSetup" is-config="true" duration-ms="8" started-at="2021-05-27T00:27:49Z" finished-at="2021-05-27T00:27:49Z">
          <reporter-output>
          </reporter-output>
        </test-method> <!-- preSetup -->
        <test-method status="PASS" signature="currTest()[pri:0, instance:BasicTesting.Test_1@2ed94a8b]" name="currTest" duration-ms="1" started-at="2021-05-27T00:27:49Z" finished-at="2021-05-27T00:27:49Z">
          <reporter-output>
          </reporter-output>
        </test-method> <!-- currTest -->
        <test-method status="PASS" signature="postTest()[pri:0, instance:BasicTesting.Test_1@2ed94a8b]" name="postTest" is-config="true" duration-ms="1" started-at="2021-05-27T00:27:49Z" finished-at="2021-05-27T00:27:49Z">
          <reporter-output>
          </reporter-output>
        </test-method> <!-- postTest -->
      </class> <!-- BasicTesting.Test_1 -->
    </test> <!-- Command line test -->
  </suite> <!-- BasicTesting.Test_1 -->
</testng-results>
